<?xml version="1.0" encoding="UTF-8"?>
<testng-results ignored="0" total="1" passed="1" failed="0" skipped="0">
  <reporter-output>
  </reporter-output>
  <suite started-at="2022-03-07T22:47:33 IST" name="Default suite" finished-at="2022-03-07T22:48:19 IST" duration-ms="46179">
    <groups>
    </groups>
    <test started-at="2022-03-07T22:47:33 IST" name="Default test" finished-at="2022-03-07T22:48:19 IST" duration-ms="46179">
      <class name="com.mphasis.selenium1.SeleniumDemo1.AssignemtTestDemo">
        <test-method is-config="true" signature="before()[pri:0, instance:com.mphasis.selenium1.SeleniumDemo1.AssignemtTestDemo@3c130745]" started-at="2022-03-07T22:47:33 IST" name="before" finished-at="2022-03-07T22:48:08 IST" duration-ms="35094" status="PASS">
          <reporter-output>
          </reporter-output>
        </test-method> <!-- before -->
        <test-method signature="testOpeningSelenuimHoverLink()[pri:0, instance:com.mphasis.selenium1.SeleniumDemo1.AssignemtTestDemo@3c130745]" started-at="2022-03-07T22:48:08 IST" name="testOpeningSelenuimHoverLink" finished-at="2022-03-07T22:48:18 IST" duration-ms="9815" status="PASS">
          <reporter-output>
          </reporter-output>
        </test-method> <!-- testOpeningSelenuimHoverLink -->
        <test-method is-config="true" signature="after()[pri:0, instance:com.mphasis.selenium1.SeleniumDemo1.AssignemtTestDemo@3c130745]" started-at="2022-03-07T22:48:18 IST" name="after" finished-at="2022-03-07T22:48:19 IST" duration-ms="1200" status="PASS">
          <reporter-output>
          </reporter-output>
        </test-method> <!-- after -->
      </class> <!-- com.mphasis.selenium1.SeleniumDemo1.AssignemtTestDemo -->
    </test> <!-- Default test -->
  </suite> <!-- Default suite -->
</testng-results>
